  [1m[35m (394.8ms)[0m  [1m[35mCREATE DATABASE "cats_99_development" ENCODING = 'unicode'[0m
  ↳ bin/rails:9
  [1m[35m (221.7ms)[0m  [1m[35mCREATE DATABASE "cats_99_test" ENCODING = 'unicode'[0m
  ↳ bin/rails:9
  [1m[35m (18.0ms)[0m  [1m[35mCREATE TABLE "schema_migrations" ("version" character varying NOT NULL PRIMARY KEY)[0m
  ↳ bin/rails:9
  [1m[35m (3.5ms)[0m  [1m[35mCREATE TABLE "ar_internal_metadata" ("key" character varying NOT NULL PRIMARY KEY, "value" character varying, "created_at" timestamp NOT NULL, "updated_at" timestamp NOT NULL)[0m
  ↳ bin/rails:9
  [1m[35m (0.2ms)[0m  [1m[34mSELECT pg_try_advisory_lock(2260121364129154575)[0m
  ↳ bin/rails:9
  [1m[35m (0.5ms)[0m  [1m[34mSELECT "schema_migrations"."version" FROM "schema_migrations" ORDER BY "schema_migrations"."version" ASC[0m
  ↳ bin/rails:9
Migrating to CreateCats (20210402183439)
  [1m[35m (0.1ms)[0m  [1m[35mBEGIN[0m
  ↳ bin/rails:9
  [1m[35m (5.4ms)[0m  [1m[35mCREATE TABLE "cats" ("id" bigserial primary key, "birth_date" date NOT NULL, "color" character varying NOT NULL, "name" character varying NOT NULL, "sex" character varying NOT NULL, "description" text, "created_at" timestamp NOT NULL, "updated_at" timestamp NOT NULL)[0m
  ↳ db/migrate/20210402183439_create_cats.rb:3
  [1m[36mActiveRecord::SchemaMigration Create (0.8ms)[0m  [1m[32mINSERT INTO "schema_migrations" ("version") VALUES ($1) RETURNING "version"[0m  [["version", "20210402183439"]]
  ↳ bin/rails:9
  [1m[35m (0.6ms)[0m  [1m[35mCOMMIT[0m
  ↳ bin/rails:9
  [1m[36mActiveRecord::InternalMetadata Load (0.5ms)[0m  [1m[34mSELECT  "ar_internal_metadata".* FROM "ar_internal_metadata" WHERE "ar_internal_metadata"."key" = $1 LIMIT $2[0m  [["key", "environment"], ["LIMIT", 1]]
  ↳ bin/rails:9
  [1m[35m (0.2ms)[0m  [1m[35mBEGIN[0m
  ↳ bin/rails:9
  [1m[36mActiveRecord::InternalMetadata Create (2.9ms)[0m  [1m[32mINSERT INTO "ar_internal_metadata" ("key", "value", "created_at", "updated_at") VALUES ($1, $2, $3, $4) RETURNING "key"[0m  [["key", "environment"], ["value", "development"], ["created_at", "2021-04-02 18:38:03.532433"], ["updated_at", "2021-04-02 18:38:03.532433"]]
  ↳ bin/rails:9
  [1m[35m (0.3ms)[0m  [1m[35mCOMMIT[0m
  ↳ bin/rails:9
  [1m[35m (0.2ms)[0m  [1m[34mSELECT pg_advisory_unlock(2260121364129154575)[0m
  ↳ bin/rails:9
  [1m[35m (0.3ms)[0m  [1m[34mSELECT "schema_migrations"."version" FROM "schema_migrations" ORDER BY "schema_migrations"."version" ASC[0m
  ↳ bin/rails:9
Started GET "/cats" for ::1 at 2021-04-02 13:51:52 -0500
  [1m[35m (1.3ms)[0m  [1m[34mSELECT "schema_migrations"."version" FROM "schema_migrations" ORDER BY "schema_migrations"."version" ASC[0m
  ↳ /Users/josephsipiorski/.rbenv/versions/2.5.1/lib/ruby/gems/2.5.0/gems/activerecord-5.2.5/lib/active_record/log_subscriber.rb:98
Processing by CatsController#show as HTML
Completed 500 Internal Server Error in 12ms (ActiveRecord: 0.0ms)



NameError - uninitialized constant CatsController::Cat:
  app/controllers/cats_controller.rb:11:in `show'

Started POST "/__better_errors/be31c4c13244e194/variables" for ::1 at 2021-04-02 13:51:52 -0500
Started GET "/cats" for ::1 at 2021-04-02 13:52:48 -0500

AbstractController::ActionNotFound - The action 'show' could not be found for CatsController:

Started POST "/__better_errors/246a5c17dfe64357/variables" for ::1 at 2021-04-02 13:52:48 -0500
Started GET "/cats" for ::1 at 2021-04-02 13:54:54 -0500
Processing by CatsController#index as HTML
Completed 500 Internal Server Error in 4ms (ActiveRecord: 0.0ms)



NameError - uninitialized constant CatsController::Cat:
  app/controllers/cats_controller.rb:6:in `index'

Started POST "/__better_errors/9b76daad51c55003/variables" for ::1 at 2021-04-02 13:54:54 -0500
Started GET "/cats" for ::1 at 2021-04-02 13:55:02 -0500
Processing by CatsController#index as HTML
Completed 500 Internal Server Error in 3ms (ActiveRecord: 0.0ms)



NameError - uninitialized constant CatsController::Cat:
  app/controllers/cats_controller.rb:6:in `index'

Started POST "/__better_errors/f17d2bd07bea00d9/variables" for ::1 at 2021-04-02 13:55:03 -0500
Started GET "/cats" for ::1 at 2021-04-02 13:55:04 -0500
Processing by CatsController#index as HTML
Completed 500 Internal Server Error in 3ms (ActiveRecord: 0.0ms)



NameError - uninitialized constant CatsController::Cat:
  app/controllers/cats_controller.rb:6:in `index'

Started POST "/__better_errors/40e084135325247a/variables" for ::1 at 2021-04-02 13:55:04 -0500
Started GET "/cats" for ::1 at 2021-04-02 13:55:18 -0500

AbstractController::ActionNotFound - The action 'index' could not be found for CatsController:

Started POST "/__better_errors/19951d785d797723/variables" for ::1 at 2021-04-02 13:55:18 -0500
Started GET "/cats" for ::1 at 2021-04-02 13:56:01 -0500
Processing by CatsController#index as HTML
Completed 500 Internal Server Error in 2ms (ActiveRecord: 0.0ms)



NameError - uninitialized constant CatsController::Cat:
  app/controllers/cats_controller.rb:6:in `index'

Started POST "/__better_errors/18014f124f42c60b/variables" for ::1 at 2021-04-02 13:56:01 -0500
Started GET "/cat" for ::1 at 2021-04-02 13:56:23 -0500
  
ActionController::RoutingError (No route matches [GET] "/cat"):
  
actionpack (5.2.5) lib/action_dispatch/middleware/debug_exceptions.rb:65:in `call'
web-console (3.7.0) lib/web_console/middleware.rb:135:in `call_app'
web-console (3.7.0) lib/web_console/middleware.rb:30:in `block in call'
web-console (3.7.0) lib/web_console/middleware.rb:20:in `catch'
web-console (3.7.0) lib/web_console/middleware.rb:20:in `call'
actionpack (5.2.5) lib/action_dispatch/middleware/show_exceptions.rb:33:in `call'
railties (5.2.5) lib/rails/rack/logger.rb:38:in `call_app'
railties (5.2.5) lib/rails/rack/logger.rb:26:in `block in call'
activesupport (5.2.5) lib/active_support/tagged_logging.rb:71:in `block in tagged'
activesupport (5.2.5) lib/active_support/tagged_logging.rb:28:in `tagged'
activesupport (5.2.5) lib/active_support/tagged_logging.rb:71:in `tagged'
railties (5.2.5) lib/rails/rack/logger.rb:26:in `call'
sprockets-rails (3.2.2) lib/sprockets/rails/quiet_assets.rb:13:in `call'
actionpack (5.2.5) lib/action_dispatch/middleware/remote_ip.rb:81:in `call'
actionpack (5.2.5) lib/action_dispatch/middleware/request_id.rb:27:in `call'
rack (2.2.3) lib/rack/method_override.rb:24:in `call'
rack (2.2.3) lib/rack/runtime.rb:22:in `call'
activesupport (5.2.5) lib/active_support/cache/strategy/local_cache_middleware.rb:29:in `call'
actionpack (5.2.5) lib/action_dispatch/middleware/executor.rb:14:in `call'
actionpack (5.2.5) lib/action_dispatch/middleware/static.rb:127:in `call'
rack (2.2.3) lib/rack/sendfile.rb:110:in `call'
railties (5.2.5) lib/rails/engine.rb:524:in `call'
puma (3.12.6) lib/puma/configuration.rb:227:in `call'
puma (3.12.6) lib/puma/server.rb:706:in `handle_request'
puma (3.12.6) lib/puma/server.rb:476:in `process_client'
puma (3.12.6) lib/puma/server.rb:334:in `block in run'
puma (3.12.6) lib/puma/thread_pool.rb:135:in `block in spawn_thread'
Started GET "/cats" for ::1 at 2021-04-02 13:56:36 -0500
Processing by CatsController#index as HTML
Completed 500 Internal Server Error in 3ms (ActiveRecord: 0.0ms)



NameError - uninitialized constant CatsController::Cat:
  app/controllers/cats_controller.rb:6:in `index'

Started POST "/__better_errors/14965f999c1f674c/variables" for ::1 at 2021-04-02 13:56:36 -0500
Started GET "/cats" for ::1 at 2021-04-02 13:59:47 -0500
Processing by CatsController#index as HTML
Completed 500 Internal Server Error in 3ms (ActiveRecord: 0.0ms)



NameError - uninitialized constant CatsController::Cat:
  app/controllers/cats_controller.rb:6:in `index'

Started POST "/__better_errors/62fe874d1d85010c/variables" for ::1 at 2021-04-02 13:59:48 -0500
Started GET "/cats" for ::1 at 2021-04-02 14:05:43 -0500
Processing by CatsController#index as HTML
Completed 500 Internal Server Error in 11ms (ActiveRecord: 0.0ms)



ActionView::MissingTemplate - Missing template cats/index, application/index with {:locale=>[:en], :formats=>[:html], :variants=>[], :handlers=>[:raw, :erb, :html, :builder, :ruby, :coffee, :jbuilder]}. Searched in:
  * "/Users/josephsipiorski/Desktop/a:A/aA-classwork/W6D5/cats_99/app/views":
  app/controllers/cats_controller.rb:7:in `index'

Started POST "/__better_errors/b4da48aef177b66d/variables" for ::1 at 2021-04-02 14:05:44 -0500
  [1m[36mCat Load (1.4ms)[0m  [1m[34mSELECT  "cats".* FROM "cats" LIMIT $1[0m  [["LIMIT", 11]]
  ↳ /Users/josephsipiorski/.rbenv/versions/2.5.1/lib/ruby/gems/2.5.0/gems/activerecord-5.2.5/lib/active_record/log_subscriber.rb:98
Started GET "/cats" for ::1 at 2021-04-02 14:16:40 -0500
Processing by CatsController#index as HTML
Completed 500 Internal Server Error in 17ms (ActiveRecord: 0.0ms)



ActionView::MissingTemplate - Missing template cats/index, application/index with {:locale=>[:en], :formats=>[:html], :variants=>[], :handlers=>[:raw, :erb, :html, :builder, :ruby, :coffee, :jbuilder]}. Searched in:
  * "/Users/josephsipiorski/Desktop/a:A/aA-classwork/W6D5/cats_99/app/views":
  app/controllers/cats_controller.rb:7:in `index'

Started POST "/__better_errors/c768f5b223c01f9b/variables" for ::1 at 2021-04-02 14:16:40 -0500
  [1m[36mCat Load (0.9ms)[0m  [1m[34mSELECT  "cats".* FROM "cats" LIMIT $1[0m  [["LIMIT", 11]]
  ↳ /Users/josephsipiorski/.rbenv/versions/2.5.1/lib/ruby/gems/2.5.0/gems/activerecord-5.2.5/lib/active_record/log_subscriber.rb:98
  [1m[35m (0.2ms)[0m  [1m[34mSELECT pg_try_advisory_lock(2260121364129154575)[0m
  ↳ bin/rails:9
  [1m[35m (0.9ms)[0m  [1m[34mSELECT "schema_migrations"."version" FROM "schema_migrations" ORDER BY "schema_migrations"."version" ASC[0m
  ↳ bin/rails:9
Migrating to EditCats (20210402192338)
  [1m[35m (0.1ms)[0m  [1m[35mBEGIN[0m
  ↳ bin/rails:9
  [1m[35m (3.9ms)[0m  [1m[35mALTER TABLE "cats" DROP COLUMN "sex"[0m
  ↳ db/migrate/20210402192338_edit_cats.rb:3
  [1m[35m (2.5ms)[0m  [1m[35mALTER TABLE "cats" ADD "sex" character varying(1)[0m
  ↳ db/migrate/20210402192338_edit_cats.rb:4
  [1m[36mActiveRecord::SchemaMigration Create (0.5ms)[0m  [1m[32mINSERT INTO "schema_migrations" ("version") VALUES ($1) RETURNING "version"[0m  [["version", "20210402192338"]]
  ↳ bin/rails:9
  [1m[35m (1.2ms)[0m  [1m[35mCOMMIT[0m
  ↳ bin/rails:9
  [1m[36mActiveRecord::InternalMetadata Load (0.7ms)[0m  [1m[34mSELECT  "ar_internal_metadata".* FROM "ar_internal_metadata" WHERE "ar_internal_metadata"."key" = $1 LIMIT $2[0m  [["key", "environment"], ["LIMIT", 1]]
  ↳ bin/rails:9
  [1m[35m (0.1ms)[0m  [1m[35mBEGIN[0m
  ↳ bin/rails:9
  [1m[35m (0.1ms)[0m  [1m[35mCOMMIT[0m
  ↳ bin/rails:9
  [1m[35m (0.2ms)[0m  [1m[34mSELECT pg_advisory_unlock(2260121364129154575)[0m
  ↳ bin/rails:9
  [1m[35m (0.2ms)[0m  [1m[34mSELECT "schema_migrations"."version" FROM "schema_migrations" ORDER BY "schema_migrations"."version" ASC[0m
  ↳ bin/rails:9
  [1m[35m (731.3ms)[0m  [1m[35mCREATE DATABASE "cats_99_development" ENCODING = 'unicode'[0m
  ↳ bin/rails:9
  [1m[35m (622.3ms)[0m  [1m[35mCREATE DATABASE "cats_99_test" ENCODING = 'unicode'[0m
  ↳ bin/rails:9
  [1m[35m (21.8ms)[0m  [1m[35mCREATE TABLE "schema_migrations" ("version" character varying NOT NULL PRIMARY KEY)[0m
  ↳ bin/rails:9
  [1m[35m (7.8ms)[0m  [1m[35mCREATE TABLE "ar_internal_metadata" ("key" character varying NOT NULL PRIMARY KEY, "value" character varying, "created_at" timestamp NOT NULL, "updated_at" timestamp NOT NULL)[0m
  ↳ bin/rails:9
  [1m[35m (0.5ms)[0m  [1m[34mSELECT pg_try_advisory_lock(2260121364129154575)[0m
  ↳ bin/rails:9
  [1m[35m (1.0ms)[0m  [1m[34mSELECT "schema_migrations"."version" FROM "schema_migrations" ORDER BY "schema_migrations"."version" ASC[0m
  ↳ bin/rails:9
Migrating to CreateCats (20210402183439)
  [1m[35m (0.2ms)[0m  [1m[35mBEGIN[0m
  ↳ bin/rails:9
  [1m[35m (9.0ms)[0m  [1m[35mCREATE TABLE "cats" ("id" bigserial primary key, "birth_date" date NOT NULL, "color" character varying NOT NULL, "name" character varying NOT NULL, "sex" character varying NOT NULL, "description" text, "created_at" timestamp NOT NULL, "updated_at" timestamp NOT NULL)[0m
  ↳ db/migrate/20210402183439_create_cats.rb:3
  [1m[36mActiveRecord::SchemaMigration Create (0.4ms)[0m  [1m[32mINSERT INTO "schema_migrations" ("version") VALUES ($1) RETURNING "version"[0m  [["version", "20210402183439"]]
  ↳ bin/rails:9
  [1m[35m (0.3ms)[0m  [1m[35mCOMMIT[0m
  ↳ bin/rails:9
Migrating to EditCats (20210402192338)
  [1m[35m (0.5ms)[0m  [1m[35mBEGIN[0m
  ↳ bin/rails:9
  [1m[35m (2.1ms)[0m  [1m[35mALTER TABLE "cats" DROP COLUMN "sex"[0m
  ↳ db/migrate/20210402192338_edit_cats.rb:3
  [1m[35m (0.5ms)[0m  [1m[35mALTER TABLE "cats" ADD "sex" character varying(1)[0m
  ↳ db/migrate/20210402192338_edit_cats.rb:4
  [1m[36mActiveRecord::SchemaMigration Create (0.2ms)[0m  [1m[32mINSERT INTO "schema_migrations" ("version") VALUES ($1) RETURNING "version"[0m  [["version", "20210402192338"]]
  ↳ bin/rails:9
  [1m[35m (0.2ms)[0m  [1m[35mCOMMIT[0m
  ↳ bin/rails:9
  [1m[36mActiveRecord::InternalMetadata Load (1.2ms)[0m  [1m[34mSELECT  "ar_internal_metadata".* FROM "ar_internal_metadata" WHERE "ar_internal_metadata"."key" = $1 LIMIT $2[0m  [["key", "environment"], ["LIMIT", 1]]
  ↳ bin/rails:9
  [1m[35m (0.1ms)[0m  [1m[35mBEGIN[0m
  ↳ bin/rails:9
  [1m[36mActiveRecord::InternalMetadata Create (0.9ms)[0m  [1m[32mINSERT INTO "ar_internal_metadata" ("key", "value", "created_at", "updated_at") VALUES ($1, $2, $3, $4) RETURNING "key"[0m  [["key", "environment"], ["value", "development"], ["created_at", "2021-04-02 19:33:15.573590"], ["updated_at", "2021-04-02 19:33:15.573590"]]
  ↳ bin/rails:9
  [1m[35m (0.2ms)[0m  [1m[35mCOMMIT[0m
  ↳ bin/rails:9
  [1m[35m (0.2ms)[0m  [1m[34mSELECT pg_advisory_unlock(2260121364129154575)[0m
  ↳ bin/rails:9
  [1m[35m (0.2ms)[0m  [1m[34mSELECT "schema_migrations"."version" FROM "schema_migrations" ORDER BY "schema_migrations"."version" ASC[0m
  ↳ bin/rails:9
  [1m[35m (0.1ms)[0m  [1m[35mBEGIN[0m
  [1m[36mCat Create (1.2ms)[0m  [1m[32mINSERT INTO "cats" ("id", "birth_date", "color", "name", "description", "created_at", "updated_at", "sex") VALUES ($1, $2, $3, $4, $5, $6, $7, $8) RETURNING "id"[0m  [["id", 1], ["birth_date", "2019-02-01"], ["color", "Red"], ["name", "Garfield"], ["description", "eats a lot"], ["created_at", "2021-04-02 19:46:04.727898"], ["updated_at", "2021-04-02 19:46:04.727898"], ["sex", "M"]]
  [1m[35m (0.7ms)[0m  [1m[35mCOMMIT[0m
Started GET "/" for 127.0.0.1 at 2021-04-02 15:46:38 -0400
  [1m[35m (0.9ms)[0m  [1m[34mSELECT "schema_migrations"."version" FROM "schema_migrations" ORDER BY "schema_migrations"."version" ASC[0m
  ↳ C:/Ruby27-x64/lib/ruby/gems/2.7.0/gems/activerecord-5.2.5/lib/active_record/log_subscriber.rb:98
Processing by Rails::WelcomeController#index as HTML
  Rendering C:/Ruby27-x64/lib/ruby/gems/2.7.0/gems/railties-5.2.5/lib/rails/templates/rails/welcome/index.html.erb
  Rendered C:/Ruby27-x64/lib/ruby/gems/2.7.0/gems/railties-5.2.5/lib/rails/templates/rails/welcome/index.html.erb (14.0ms)
Completed 200 OK in 70ms (Views: 53.4ms | ActiveRecord: 0.0ms)


Started GET "/cats" for 127.0.0.1 at 2021-04-02 15:46:44 -0400
Processing by CatsController#index as HTML
Completed 500 Internal Server Error in 19ms (ActiveRecord: 0.0ms)



ActionView::MissingTemplate - Missing template cats/index, application/index with {:locale=>[:en], :formats=>[:html], :variants=>[], :handlers=>[:raw, :erb, :html, :builder, :ruby, :coffee, :jbuilder]}. Searched in:
  * "C:/Users/Jae/Documents/App Academy/Ruby Stuff/~Feb 22 Start/Week 6/Day 5/W6D5_classwork/cats_99/app/views":
  app/controllers/cats_controller.rb:7:in `index'

Started POST "/__better_errors/5636933933337113/variables" for 127.0.0.1 at 2021-04-02 15:46:44 -0400
  [1m[36mCat Load (0.7ms)[0m  [1m[34mSELECT  "cats".* FROM "cats" LIMIT $1[0m  [["LIMIT", 11]]
  ↳ C:/Ruby27-x64/lib/ruby/gems/2.7.0/gems/activerecord-5.2.5/lib/active_record/log_subscriber.rb:98
Started GET "/cats" for 127.0.0.1 at 2021-04-02 15:48:30 -0400
Processing by CatsController#index as HTML
Completed 500 Internal Server Error in 2ms (ActiveRecord: 0.0ms)



ActionView::MissingTemplate - Missing template cats/index, application/index with {:locale=>[:en], :formats=>[:html], :variants=>[], :handlers=>[:raw, :erb, :html, :builder, :ruby, :coffee, :jbuilder]}. Searched in:
  * "C:/Users/Jae/Documents/App Academy/Ruby Stuff/~Feb 22 Start/Week 6/Day 5/W6D5_classwork/cats_99/app/views":
  app/controllers/cats_controller.rb:7:in `index'

Started POST "/__better_errors/3c3f3be173a5d2ec/variables" for 127.0.0.1 at 2021-04-02 15:48:30 -0400
  [1m[36mCat Load (0.3ms)[0m  [1m[34mSELECT  "cats".* FROM "cats" LIMIT $1[0m  [["LIMIT", 11]]
  ↳ C:/Ruby27-x64/lib/ruby/gems/2.7.0/gems/activerecord-5.2.5/lib/active_record/log_subscriber.rb:98
Started GET "/cats" for 127.0.0.1 at 2021-04-02 15:48:31 -0400
Processing by CatsController#index as HTML
Completed 500 Internal Server Error in 2ms (ActiveRecord: 0.0ms)



ActionView::MissingTemplate - Missing template cats/index, application/index with {:locale=>[:en], :formats=>[:html], :variants=>[], :handlers=>[:raw, :erb, :html, :builder, :ruby, :coffee, :jbuilder]}. Searched in:
  * "C:/Users/Jae/Documents/App Academy/Ruby Stuff/~Feb 22 Start/Week 6/Day 5/W6D5_classwork/cats_99/app/views":
  app/controllers/cats_controller.rb:7:in `index'

Started POST "/__better_errors/5a1137940efbefc3/variables" for 127.0.0.1 at 2021-04-02 15:48:31 -0400
  [1m[36mCat Load (0.4ms)[0m  [1m[34mSELECT  "cats".* FROM "cats" LIMIT $1[0m  [["LIMIT", 11]]
  ↳ C:/Ruby27-x64/lib/ruby/gems/2.7.0/gems/activerecord-5.2.5/lib/active_record/log_subscriber.rb:98
Started GET "/cats" for 127.0.0.1 at 2021-04-02 15:48:31 -0400
Processing by CatsController#index as HTML
Completed 500 Internal Server Error in 3ms (ActiveRecord: 0.0ms)



ActionView::MissingTemplate - Missing template cats/index, application/index with {:locale=>[:en], :formats=>[:html], :variants=>[], :handlers=>[:raw, :erb, :html, :builder, :ruby, :coffee, :jbuilder]}. Searched in:
  * "C:/Users/Jae/Documents/App Academy/Ruby Stuff/~Feb 22 Start/Week 6/Day 5/W6D5_classwork/cats_99/app/views":
  app/controllers/cats_controller.rb:7:in `index'

Started POST "/__better_errors/776a26a2e18b07d5/variables" for 127.0.0.1 at 2021-04-02 15:48:31 -0400
  [1m[36mCat Load (0.3ms)[0m  [1m[34mSELECT  "cats".* FROM "cats" LIMIT $1[0m  [["LIMIT", 11]]
  ↳ C:/Ruby27-x64/lib/ruby/gems/2.7.0/gems/activerecord-5.2.5/lib/active_record/log_subscriber.rb:98
Started GET "/cats" for 127.0.0.1 at 2021-04-02 15:48:31 -0400
Processing by CatsController#index as HTML
Completed 500 Internal Server Error in 3ms (ActiveRecord: 0.0ms)



ActionView::MissingTemplate - Missing template cats/index, application/index with {:locale=>[:en], :formats=>[:html], :variants=>[], :handlers=>[:raw, :erb, :html, :builder, :ruby, :coffee, :jbuilder]}. Searched in:
  * "C:/Users/Jae/Documents/App Academy/Ruby Stuff/~Feb 22 Start/Week 6/Day 5/W6D5_classwork/cats_99/app/views":
  app/controllers/cats_controller.rb:7:in `index'

Started POST "/__better_errors/2d3c16207d581463/variables" for 127.0.0.1 at 2021-04-02 15:48:31 -0400
  [1m[36mCat Load (0.2ms)[0m  [1m[34mSELECT  "cats".* FROM "cats" LIMIT $1[0m  [["LIMIT", 11]]
  ↳ C:/Ruby27-x64/lib/ruby/gems/2.7.0/gems/activerecord-5.2.5/lib/active_record/log_subscriber.rb:98
Started GET "/cats" for 127.0.0.1 at 2021-04-02 15:48:31 -0400
Processing by CatsController#index as HTML
Completed 500 Internal Server Error in 2ms (ActiveRecord: 0.0ms)



ActionView::MissingTemplate - Missing template cats/index, application/index with {:locale=>[:en], :formats=>[:html], :variants=>[], :handlers=>[:raw, :erb, :html, :builder, :ruby, :coffee, :jbuilder]}. Searched in:
  * "C:/Users/Jae/Documents/App Academy/Ruby Stuff/~Feb 22 Start/Week 6/Day 5/W6D5_classwork/cats_99/app/views":
  app/controllers/cats_controller.rb:7:in `index'

Started POST "/__better_errors/7edb357f43a4a401/variables" for 127.0.0.1 at 2021-04-02 15:48:31 -0400
  [1m[36mCat Load (0.2ms)[0m  [1m[34mSELECT  "cats".* FROM "cats" LIMIT $1[0m  [["LIMIT", 11]]
  ↳ C:/Ruby27-x64/lib/ruby/gems/2.7.0/gems/activerecord-5.2.5/lib/active_record/log_subscriber.rb:98
Started GET "/cats" for 127.0.0.1 at 2021-04-02 15:50:45 -0400
Processing by CatsController#index as HTML
  Rendering cats/index.html.erb within layouts/application
  [1m[36mCat Load (0.3ms)[0m  [1m[34mSELECT "cats".* FROM "cats"[0m
  ↳ app/views/cats/index.html.erb:4
  Rendered cats/index.html.erb within layouts/application (1.7ms)
Completed 200 OK in 497ms (Views: 496.0ms | ActiveRecord: 0.3ms)


Started GET "/cats/1" for 127.0.0.1 at 2021-04-02 15:50:48 -0400
Processing by CatsController#show as HTML
  Parameters: {"id"=>"1"}
  [1m[36mCat Load (0.3ms)[0m  [1m[34mSELECT  "cats".* FROM "cats" WHERE "cats"."id" = $1 LIMIT $2[0m  [["id", 1], ["LIMIT", 1]]
  ↳ app/controllers/cats_controller.rb:11
Completed 500 Internal Server Error in 62ms (ActiveRecord: 0.3ms)



ActionView::MissingTemplate - Missing template cats/show, application/show with {:locale=>[:en], :formats=>[:html], :variants=>[], :handlers=>[:raw, :erb, :html, :builder, :ruby, :coffee, :jbuilder]}. Searched in:
  * "C:/Users/Jae/Documents/App Academy/Ruby Stuff/~Feb 22 Start/Week 6/Day 5/W6D5_classwork/cats_99/app/views":
  app/controllers/cats_controller.rb:12:in `show'

Started POST "/__better_errors/faf0da990a6d19fa/variables" for 127.0.0.1 at 2021-04-02 15:50:48 -0400
Started GET "/cats/1" for 127.0.0.1 at 2021-04-02 16:07:05 -0400
Processing by CatsController#show as HTML
  Parameters: {"id"=>"1"}
  [1m[36mCat Load (1.3ms)[0m  [1m[34mSELECT  "cats".* FROM "cats" WHERE "cats"."id" = $1 LIMIT $2[0m  [["id", 1], ["LIMIT", 1]]
  ↳ app/controllers/cats_controller.rb:11
Completed 500 Internal Server Error in 7ms (ActiveRecord: 1.5ms)



ActionView::MissingTemplate - Missing template cats/show, application/show with {:locale=>[:en], :formats=>[:html], :variants=>[], :handlers=>[:raw, :erb, :html, :builder, :ruby, :coffee, :jbuilder]}. Searched in:
  * "C:/Users/Jae/Documents/App Academy/Ruby Stuff/~Feb 22 Start/Week 6/Day 5/W6D5_classwork/cats_99/app/views":
  app/controllers/cats_controller.rb:12:in `show'

Started POST "/__better_errors/bb13da67c408335e/variables" for 127.0.0.1 at 2021-04-02 16:07:05 -0400
Started GET "/cats/1" for 127.0.0.1 at 2021-04-02 16:17:54 -0400
  [1m[35m (0.8ms)[0m  [1m[34mSELECT "schema_migrations"."version" FROM "schema_migrations" ORDER BY "schema_migrations"."version" ASC[0m
  ↳ C:/Ruby27-x64/lib/ruby/gems/2.7.0/gems/activerecord-5.2.5/lib/active_record/log_subscriber.rb:98
Processing by CatsController#show as HTML
  Parameters: {"id"=>"1"}
  [1m[36mCat Load (0.9ms)[0m  [1m[34mSELECT  "cats".* FROM "cats" WHERE "cats"."id" = $1 LIMIT $2[0m  [["id", 1], ["LIMIT", 1]]
  ↳ app/controllers/cats_controller.rb:11
  Rendering cats/show.html.erb within layouts/application
  Rendered cats/show.html.erb within layouts/application (0.8ms)
Completed 200 OK in 158ms (Views: 139.2ms | ActiveRecord: 6.0ms)


Started GET "/cats/1" for 127.0.0.1 at 2021-04-02 16:22:21 -0400
Processing by CatsController#show as HTML
  Parameters: {"id"=>"1"}
  [1m[36mCat Load (0.3ms)[0m  [1m[34mSELECT  "cats".* FROM "cats" WHERE "cats"."id" = $1 LIMIT $2[0m  [["id", 1], ["LIMIT", 1]]
  ↳ app/controllers/cats_controller.rb:11
  Rendering cats/show.html.erb within layouts/application
  Rendered cats/show.html.erb within layouts/application (0.6ms)
Completed 200 OK in 19ms (Views: 17.5ms | ActiveRecord: 0.3ms)


  [1m[35m (0.7ms)[0m  [1m[34mSELECT "schema_migrations"."version" FROM "schema_migrations" ORDER BY "schema_migrations"."version" ASC[0m
  ↳ bin/rails:9
  [1m[35m (0.2ms)[0m  [1m[34mSELECT pg_try_advisory_lock(2260121364129154575)[0m
  ↳ bin/rails:9
  [1m[35m (0.7ms)[0m  [1m[34mSELECT "schema_migrations"."version" FROM "schema_migrations" ORDER BY "schema_migrations"."version" ASC[0m
  ↳ bin/rails:9
  [1m[36mActiveRecord::InternalMetadata Load (0.4ms)[0m  [1m[34mSELECT  "ar_internal_metadata".* FROM "ar_internal_metadata" WHERE "ar_internal_metadata"."key" = $1 LIMIT $2[0m  [["key", "environment"], ["LIMIT", 1]]
  ↳ bin/rails:9
  [1m[35m (0.1ms)[0m  [1m[35mBEGIN[0m
  ↳ bin/rails:9
  [1m[35m (0.1ms)[0m  [1m[35mCOMMIT[0m
  ↳ bin/rails:9
  [1m[35m (0.2ms)[0m  [1m[34mSELECT pg_advisory_unlock(2260121364129154575)[0m
  ↳ bin/rails:9
  [1m[35m (0.2ms)[0m  [1m[34mSELECT "schema_migrations"."version" FROM "schema_migrations" ORDER BY "schema_migrations"."version" ASC[0m
  ↳ bin/rails:9
Started GET "/cats" for ::1 at 2021-04-02 15:33:35 -0500
  [1m[35m (0.9ms)[0m  [1m[34mSELECT "schema_migrations"."version" FROM "schema_migrations" ORDER BY "schema_migrations"."version" ASC[0m
  ↳ /Users/josephsipiorski/.rbenv/versions/2.5.1/lib/ruby/gems/2.5.0/gems/activerecord-5.2.5/lib/active_record/log_subscriber.rb:98
Processing by CatsController#index as HTML
  Rendering cats/index.html.erb within layouts/application
  [1m[36mCat Load (0.9ms)[0m  [1m[34mSELECT "cats".* FROM "cats"[0m
  ↳ app/views/cats/index.html.erb:4
  Rendered cats/index.html.erb within layouts/application (6.4ms)
Completed 200 OK in 265ms (Views: 249.5ms | ActiveRecord: 3.6ms)


Started GET "/cats" for ::1 at 2021-04-02 15:33:38 -0500
Processing by CatsController#index as HTML
  Rendering cats/index.html.erb within layouts/application
  [1m[36mCat Load (0.3ms)[0m  [1m[34mSELECT "cats".* FROM "cats"[0m
  ↳ app/views/cats/index.html.erb:4
  Rendered cats/index.html.erb within layouts/application (1.0ms)
Completed 200 OK in 11ms (Views: 9.8ms | ActiveRecord: 0.3ms)


  [1m[35m (1.2ms)[0m  [1m[34mSELECT "schema_migrations"."version" FROM "schema_migrations" ORDER BY "schema_migrations"."version" ASC[0m
  ↳ bin/rails:9
  [1m[35m (0.5ms)[0m  [1m[34mSELECT "ar_internal_metadata"."value" FROM "ar_internal_metadata" WHERE "ar_internal_metadata"."key" = $1[0m  [["key", "environment"]]
  ↳ bin/rails:9
  [1m[35m (0.3ms)[0m  [1m[34mSELECT "schema_migrations"."version" FROM "schema_migrations" ORDER BY "schema_migrations"."version" ASC[0m
  ↳ bin/rails:9
  [1m[35m (0.2ms)[0m  [1m[34mSELECT "ar_internal_metadata"."value" FROM "ar_internal_metadata" WHERE "ar_internal_metadata"."key" = $1[0m  [["key", "environment"]]
  ↳ bin/rails:9
  [1m[35m (0.2ms)[0m  [1m[34mSELECT "schema_migrations"."version" FROM "schema_migrations" ORDER BY "schema_migrations"."version" ASC[0m
  ↳ bin/rails:9
  [1m[35m (0.2ms)[0m  [1m[34mSELECT "ar_internal_metadata"."value" FROM "ar_internal_metadata" WHERE "ar_internal_metadata"."key" = $1[0m  [["key", "environment"]]
  ↳ bin/rails:9
  [1m[35m (5019.0ms)[0m  [1m[35mDROP DATABASE IF EXISTS "cats_99_development"[0m
  ↳ bin/rails:9
  [1m[35m (0.8ms)[0m  [1m[34mSELECT "schema_migrations"."version" FROM "schema_migrations" ORDER BY "schema_migrations"."version" ASC[0m
  ↳ bin/rails:9
  [1m[35m (1.0ms)[0m  [1m[34mSELECT "ar_internal_metadata"."value" FROM "ar_internal_metadata" WHERE "ar_internal_metadata"."key" = $1[0m  [["key", "environment"]]
  ↳ bin/rails:9
  [1m[35m (0.2ms)[0m  [1m[34mSELECT "schema_migrations"."version" FROM "schema_migrations" ORDER BY "schema_migrations"."version" ASC[0m
  ↳ bin/rails:9
  [1m[35m (0.2ms)[0m  [1m[34mSELECT "ar_internal_metadata"."value" FROM "ar_internal_metadata" WHERE "ar_internal_metadata"."key" = $1[0m  [["key", "environment"]]
  ↳ bin/rails:9
  [1m[35m (0.2ms)[0m  [1m[34mSELECT "schema_migrations"."version" FROM "schema_migrations" ORDER BY "schema_migrations"."version" ASC[0m
  ↳ bin/rails:9
  [1m[35m (0.2ms)[0m  [1m[34mSELECT "ar_internal_metadata"."value" FROM "ar_internal_metadata" WHERE "ar_internal_metadata"."key" = $1[0m  [["key", "environment"]]
  ↳ bin/rails:9
  [1m[35m (55.5ms)[0m  [1m[35mDROP DATABASE IF EXISTS "cats_99_development"[0m
  ↳ bin/rails:9
  [1m[35m (67.9ms)[0m  [1m[35mDROP DATABASE IF EXISTS "cats_99_test"[0m
  ↳ bin/rails:9
  [1m[35m (357.7ms)[0m  [1m[35mCREATE DATABASE "cats_99_development" ENCODING = 'unicode'[0m
  ↳ bin/rails:9
  [1m[35m (148.2ms)[0m  [1m[35mCREATE DATABASE "cats_99_test" ENCODING = 'unicode'[0m
  ↳ bin/rails:9
  [1m[35m (7.8ms)[0m  [1m[35mCREATE TABLE "schema_migrations" ("version" character varying NOT NULL PRIMARY KEY)[0m
  ↳ bin/rails:9
  [1m[35m (4.5ms)[0m  [1m[35mCREATE TABLE "ar_internal_metadata" ("key" character varying NOT NULL PRIMARY KEY, "value" character varying, "created_at" timestamp NOT NULL, "updated_at" timestamp NOT NULL)[0m
  ↳ bin/rails:9
  [1m[35m (0.2ms)[0m  [1m[34mSELECT pg_try_advisory_lock(2260121364129154575)[0m
  ↳ bin/rails:9
  [1m[35m (0.7ms)[0m  [1m[34mSELECT "schema_migrations"."version" FROM "schema_migrations" ORDER BY "schema_migrations"."version" ASC[0m
  ↳ bin/rails:9
Migrating to CreateCats (20210402183439)
  [1m[35m (0.2ms)[0m  [1m[35mBEGIN[0m
  ↳ bin/rails:9
  [1m[35m (9.1ms)[0m  [1m[35mCREATE TABLE "cats" ("id" bigserial primary key, "birth_date" date NOT NULL, "color" character varying NOT NULL, "name" character varying NOT NULL, "sex" character varying NOT NULL, "description" text, "created_at" timestamp NOT NULL, "updated_at" timestamp NOT NULL)[0m
  ↳ db/migrate/20210402183439_create_cats.rb:3
  [1m[36mActiveRecord::SchemaMigration Create (1.2ms)[0m  [1m[32mINSERT INTO "schema_migrations" ("version") VALUES ($1) RETURNING "version"[0m  [["version", "20210402183439"]]
  ↳ bin/rails:9
  [1m[35m (0.5ms)[0m  [1m[35mCOMMIT[0m
  ↳ bin/rails:9
Migrating to EditCats (20210402192338)
  [1m[35m (0.6ms)[0m  [1m[35mBEGIN[0m
  ↳ bin/rails:9
  [1m[35m (1.1ms)[0m  [1m[35mALTER TABLE "cats" DROP COLUMN "sex"[0m
  ↳ db/migrate/20210402192338_edit_cats.rb:3
  [1m[35m (1.1ms)[0m  [1m[35mALTER TABLE "cats" ADD "sex" character varying(1)[0m
  ↳ db/migrate/20210402192338_edit_cats.rb:4
  [1m[36mActiveRecord::SchemaMigration Create (0.6ms)[0m  [1m[32mINSERT INTO "schema_migrations" ("version") VALUES ($1) RETURNING "version"[0m  [["version", "20210402192338"]]
  ↳ bin/rails:9
  [1m[35m (0.3ms)[0m  [1m[35mCOMMIT[0m
  ↳ bin/rails:9
  [1m[36mActiveRecord::InternalMetadata Load (1.0ms)[0m  [1m[34mSELECT  "ar_internal_metadata".* FROM "ar_internal_metadata" WHERE "ar_internal_metadata"."key" = $1 LIMIT $2[0m  [["key", "environment"], ["LIMIT", 1]]
  ↳ bin/rails:9
  [1m[35m (0.2ms)[0m  [1m[35mBEGIN[0m
  ↳ bin/rails:9
  [1m[36mActiveRecord::InternalMetadata Create (0.6ms)[0m  [1m[32mINSERT INTO "ar_internal_metadata" ("key", "value", "created_at", "updated_at") VALUES ($1, $2, $3, $4) RETURNING "key"[0m  [["key", "environment"], ["value", "development"], ["created_at", "2021-04-02 20:36:07.272287"], ["updated_at", "2021-04-02 20:36:07.272287"]]
  ↳ bin/rails:9
  [1m[35m (0.8ms)[0m  [1m[35mCOMMIT[0m
  ↳ bin/rails:9
  [1m[35m (0.4ms)[0m  [1m[34mSELECT pg_advisory_unlock(2260121364129154575)[0m
  ↳ bin/rails:9
  [1m[35m (0.5ms)[0m  [1m[34mSELECT "schema_migrations"."version" FROM "schema_migrations" ORDER BY "schema_migrations"."version" ASC[0m
  ↳ bin/rails:9
Started GET "/cats" for ::1 at 2021-04-02 15:37:06 -0500
  [1m[35m (1.3ms)[0m  [1m[34mSELECT "schema_migrations"."version" FROM "schema_migrations" ORDER BY "schema_migrations"."version" ASC[0m
  ↳ /Users/josephsipiorski/.rbenv/versions/2.5.1/lib/ruby/gems/2.5.0/gems/activerecord-5.2.5/lib/active_record/log_subscriber.rb:98
Processing by CatsController#index as HTML
  Rendering cats/index.html.erb within layouts/application
  [1m[36mCat Load (1.7ms)[0m  [1m[34mSELECT "cats".* FROM "cats"[0m
  ↳ app/views/cats/index.html.erb:4
  Rendered cats/index.html.erb within layouts/application (10.3ms)
Completed 200 OK in 247ms (Views: 231.1ms | ActiveRecord: 4.9ms)


Started GET "/cats" for ::1 at 2021-04-02 15:37:17 -0500
Processing by CatsController#index as HTML
  Rendering cats/index.html.erb within layouts/application
  [1m[36mCat Load (0.4ms)[0m  [1m[34mSELECT "cats".* FROM "cats"[0m
  ↳ app/views/cats/index.html.erb:4
  Rendered cats/index.html.erb within layouts/application (1.3ms)
Completed 200 OK in 13ms (Views: 12.3ms | ActiveRecord: 0.4ms)


Started GET "/cats/1" for ::1 at 2021-04-02 15:37:21 -0500
Processing by CatsController#show as HTML
  Parameters: {"id"=>"1"}
  [1m[36mCat Load (0.2ms)[0m  [1m[34mSELECT  "cats".* FROM "cats" WHERE "cats"."id" = $1 LIMIT $2[0m  [["id", 1], ["LIMIT", 1]]
  ↳ app/controllers/cats_controller.rb:11
Completed 404 Not Found in 9ms (ActiveRecord: 5.4ms)



ActiveRecord::RecordNotFound - Couldn't find Cat with 'id'=1:
  app/controllers/cats_controller.rb:11:in `show'

Started POST "/__better_errors/1a69b158ca09eba6/variables" for ::1 at 2021-04-02 15:37:21 -0500
  [1m[35m (0.1ms)[0m  [1m[35mBEGIN[0m
  [1m[36mCat Create (1.6ms)[0m  [1m[32mINSERT INTO "cats" ("birth_date", "color", "name", "description", "created_at", "updated_at", "sex") VALUES ($1, $2, $3, $4, $5, $6, $7) RETURNING "id"[0m  [["birth_date", "2015-04-09"], ["color", "Yellow"], ["name", "Josef"], ["description", "second cat"], ["created_at", "2021-04-02 20:40:33.594019"], ["updated_at", "2021-04-02 20:40:33.594019"], ["sex", "M"]]
  [1m[35m (0.5ms)[0m  [1m[35mCOMMIT[0m
Started GET "/1" for ::1 at 2021-04-02 15:40:54 -0500
  
ActionController::RoutingError (No route matches [GET] "/1"):
  
actionpack (5.2.5) lib/action_dispatch/middleware/debug_exceptions.rb:65:in `call'
web-console (3.7.0) lib/web_console/middleware.rb:135:in `call_app'
web-console (3.7.0) lib/web_console/middleware.rb:30:in `block in call'
web-console (3.7.0) lib/web_console/middleware.rb:20:in `catch'
web-console (3.7.0) lib/web_console/middleware.rb:20:in `call'
actionpack (5.2.5) lib/action_dispatch/middleware/show_exceptions.rb:33:in `call'
railties (5.2.5) lib/rails/rack/logger.rb:38:in `call_app'
railties (5.2.5) lib/rails/rack/logger.rb:26:in `block in call'
activesupport (5.2.5) lib/active_support/tagged_logging.rb:71:in `block in tagged'
activesupport (5.2.5) lib/active_support/tagged_logging.rb:28:in `tagged'
activesupport (5.2.5) lib/active_support/tagged_logging.rb:71:in `tagged'
railties (5.2.5) lib/rails/rack/logger.rb:26:in `call'
sprockets-rails (3.2.2) lib/sprockets/rails/quiet_assets.rb:13:in `call'
actionpack (5.2.5) lib/action_dispatch/middleware/remote_ip.rb:81:in `call'
actionpack (5.2.5) lib/action_dispatch/middleware/request_id.rb:27:in `call'
rack (2.2.3) lib/rack/method_override.rb:24:in `call'
rack (2.2.3) lib/rack/runtime.rb:22:in `call'
activesupport (5.2.5) lib/active_support/cache/strategy/local_cache_middleware.rb:29:in `call'
actionpack (5.2.5) lib/action_dispatch/middleware/executor.rb:14:in `call'
actionpack (5.2.5) lib/action_dispatch/middleware/static.rb:127:in `call'
rack (2.2.3) lib/rack/sendfile.rb:110:in `call'
railties (5.2.5) lib/rails/engine.rb:524:in `call'
puma (3.12.6) lib/puma/configuration.rb:227:in `call'
puma (3.12.6) lib/puma/server.rb:706:in `handle_request'
puma (3.12.6) lib/puma/server.rb:476:in `process_client'
puma (3.12.6) lib/puma/server.rb:334:in `block in run'
puma (3.12.6) lib/puma/thread_pool.rb:135:in `block in spawn_thread'
Started GET "/cats" for ::1 at 2021-04-02 15:41:03 -0500
Processing by CatsController#index as HTML
  Rendering cats/index.html.erb within layouts/application
  [1m[36mCat Load (0.6ms)[0m  [1m[34mSELECT "cats".* FROM "cats"[0m
  ↳ app/views/cats/index.html.erb:4
  Rendered cats/index.html.erb within layouts/application (8.6ms)
Completed 200 OK in 25ms (Views: 23.9ms | ActiveRecord: 0.6ms)


Started GET "/cats/1" for ::1 at 2021-04-02 15:41:05 -0500
Processing by CatsController#show as HTML
  Parameters: {"id"=>"1"}
  [1m[36mCat Load (0.4ms)[0m  [1m[34mSELECT  "cats".* FROM "cats" WHERE "cats"."id" = $1 LIMIT $2[0m  [["id", 1], ["LIMIT", 1]]
  ↳ app/controllers/cats_controller.rb:11
  Rendering cats/show.html.erb within layouts/application
  Rendered cats/show.html.erb within layouts/application (1.1ms)
Completed 200 OK in 15ms (Views: 13.9ms | ActiveRecord: 0.4ms)


Started GET "/cats" for ::1 at 2021-04-02 15:54:50 -0500
Processing by CatsController#index as HTML
  Rendering cats/index.html.erb within layouts/application
  [1m[36mCat Load (2.4ms)[0m  [1m[34mSELECT "cats".* FROM "cats"[0m
  ↳ app/views/cats/index.html.erb:4
  Rendered cats/index.html.erb within layouts/application (5.1ms)
Completed 200 OK in 29ms (Views: 25.6ms | ActiveRecord: 2.4ms)


Started GET "/cats/new" for ::1 at 2021-04-02 15:55:28 -0500
Processing by CatsController#new as HTML
  Rendering cats/new.html.erb within layouts/application
  Rendered cats/_form.html.erb (7.7ms)
  Rendered cats/new.html.erb within layouts/application (14.7ms)
Completed 500 Internal Server Error in 40ms (ActiveRecord: 0.0ms)



ActionController::UrlGenerationError - No route matches {:action=>"show", :controller=>"cats", :id=>nil}, missing required keys: [:id]:
  app/views/cats/_form.html.erb:9:in `_app_views_cats__form_html_erb___3472830540759822821_70285619916280'
  app/views/cats/new.html.erb:3:in `_app_views_cats_new_html_erb___4033860172360806668_70285619983240'

Started POST "/__better_errors/57a84f2692457edd/variables" for ::1 at 2021-04-02 15:55:28 -0500
Started GET "/cats/new" for ::1 at 2021-04-02 15:55:45 -0500
Processing by CatsController#new as HTML
  Rendering cats/new.html.erb within layouts/application
  Rendered cats/_form.html.erb (14.7ms)
  Rendered cats/new.html.erb within layouts/application (24.9ms)
Completed 500 Internal Server Error in 58ms (ActiveRecord: 0.0ms)



NoMethodError - undefined method `name' for nil:NilClass:
  app/views/cats/_form.html.erb:12:in `_app_views_cats__form_html_erb___3472830540759822821_70285620470280'
  app/views/cats/new.html.erb:3:in `_app_views_cats_new_html_erb___4033860172360806668_70285635766800'

Started POST "/__better_errors/20e8c2e8a9c92714/variables" for ::1 at 2021-04-02 15:55:46 -0500
Started GET "/cats/new" for ::1 at 2021-04-02 16:00:34 -0500
Processing by CatsController#new as HTML
  Rendering cats/new.html.erb within layouts/application
  Rendered cats/_form.html.erb (10.8ms)
  Rendered cats/new.html.erb within layouts/application (15.6ms)
Completed 500 Internal Server Error in 33ms (ActiveRecord: 0.0ms)



NoMethodError - undefined method `name' for nil:NilClass:
  app/views/cats/_form.html.erb:12:in `_app_views_cats__form_html_erb___3472830540759822821_70285617671020'
  app/views/cats/new.html.erb:3:in `_app_views_cats_new_html_erb___4033860172360806668_70285630083640'

Started POST "/__better_errors/3405c64a2c17e979/variables" for ::1 at 2021-04-02 16:00:34 -0500
Started GET "/cats/new" for ::1 at 2021-04-02 16:02:14 -0500
Processing by CatsController#new as HTML
  Rendering cats/new.html.erb within layouts/application
  Rendered cats/_form.html.erb (8.5ms)
  Rendered cats/new.html.erb within layouts/application (14.6ms)
Completed 500 Internal Server Error in 29ms (ActiveRecord: 0.0ms)



NoMethodError - undefined method `name' for nil:NilClass:
  app/views/cats/_form.html.erb:12:in `_app_views_cats__form_html_erb___3472830540759822821_70285613025520'
  app/views/cats/new.html.erb:3:in `_app_views_cats_new_html_erb___4033860172360806668_70285641941120'

Started POST "/__better_errors/0469e8691b6cc59c/variables" for ::1 at 2021-04-02 16:02:14 -0500
Started GET "/cats/new" for ::1 at 2021-04-02 16:11:43 -0500
Processing by CatsController#new as HTML
Completed 500 Internal Server Error in 318ms (ActiveRecord: 0.0ms)



NameError - undefined local variable or method `cat' for #<CatsController:0x00007fd9492b6680>
Did you mean?  catch:
  app/controllers/cats_controller.rb:16:in `new'

Started POST "/__better_errors/57d747dee5bd0e93/variables" for ::1 at 2021-04-02 16:11:44 -0500
Started GET "/cats/new" for ::1 at 2021-04-02 16:11:54 -0500
Processing by CatsController#new as HTML
  Rendering cats/new.html.erb within layouts/application
  Rendered cats/_form.html.erb (0.9ms)
  Rendered cats/new.html.erb within layouts/application (7.9ms)
Completed 200 OK in 103ms (Views: 39.8ms | ActiveRecord: 21.9ms)


Started POST "/cats" for ::1 at 2021-04-02 16:12:04 -0500

AbstractController::ActionNotFound - The action 'create' could not be found for CatsController:

Started POST "/__better_errors/0ff5626f3484c1a1/variables" for ::1 at 2021-04-02 16:12:04 -0500
Started POST "/cats" for ::1 at 2021-04-02 16:12:11 -0500

AbstractController::ActionNotFound - The action 'create' could not be found for CatsController:

Started POST "/__better_errors/a7072740b205eb17/variables" for ::1 at 2021-04-02 16:12:11 -0500
Started POST "/cats" for ::1 at 2021-04-02 16:13:29 -0500

AbstractController::ActionNotFound - The action 'create' could not be found for CatsController:

Started POST "/__better_errors/f7ac08d41cf609a9/variables" for ::1 at 2021-04-02 16:13:29 -0500
Started GET "/cats/new" for ::1 at 2021-04-02 16:15:38 -0500
Processing by CatsController#new as HTML
  Rendering cats/new.html.erb within layouts/application
  Rendered cats/_form.html.erb (0.9ms)
  Rendered cats/new.html.erb within layouts/application (6.0ms)
Completed 200 OK in 29ms (Views: 27.8ms | ActiveRecord: 0.0ms)


Started GET "/cats/new" for ::1 at 2021-04-02 16:22:01 -0500
Processing by CatsController#new as HTML
  Rendering cats/new.html.erb within layouts/application
  Rendered cats/_form.html.erb (0.6ms)
  Rendered cats/new.html.erb within layouts/application (3.2ms)
Completed 200 OK in 19ms (Views: 18.1ms | ActiveRecord: 0.0ms)


Started GET "/cats/new" for ::1 at 2021-04-02 16:23:22 -0500
Processing by CatsController#new as HTML
  Rendering cats/new.html.erb within layouts/application
  Rendered cats/_form.html.erb (0.9ms)
  Rendered cats/new.html.erb within layouts/application (7.3ms)
Completed 200 OK in 26ms (Views: 25.0ms | ActiveRecord: 0.0ms)


Started GET "/cats/new" for ::1 at 2021-04-02 16:23:54 -0500
Processing by CatsController#new as HTML
  Rendering cats/new.html.erb within layouts/application
  Rendered cats/_form.html.erb (0.8ms)
  Rendered cats/new.html.erb within layouts/application (6.6ms)
Completed 200 OK in 37ms (Views: 36.4ms | ActiveRecord: 0.0ms)


Started GET "/cats/new" for ::1 at 2021-04-02 16:23:55 -0500
Processing by CatsController#new as HTML
  Rendering cats/new.html.erb within layouts/application
  Rendered cats/_form.html.erb (0.8ms)
  Rendered cats/new.html.erb within layouts/application (6.3ms)
Completed 200 OK in 28ms (Views: 27.8ms | ActiveRecord: 0.0ms)


Started GET "/cats/new" for ::1 at 2021-04-02 16:28:26 -0500
Processing by CatsController#new as HTML
  Rendering cats/new.html.erb within layouts/application
  Rendered cats/_form.html.erb (1.8ms)
  Rendered cats/new.html.erb within layouts/application (7.1ms)
Completed 200 OK in 36ms (Views: 32.3ms | ActiveRecord: 0.0ms)


